P:     1    1  102.308   29.178   69.2  1.0470E+16
P:     1    2  102.212   29.398   73.0  2.2865E+16
P:     1    3  102.135   29.669   77.8  2.4649E+16
P:     1    4  102.077   29.940   79.5  1.2246E+16
L:     1    28.75  3.3334E+16
L:     1    29.25  3.6895E+16
P:     2    1  103.250   25.976   69.0  6.4536E+15
P:     2    2  103.192   26.112   71.3  1.9094E+16
P:     2    3  103.096   26.383   73.1  2.3620E+16
P:     2    4  103.019   26.620   72.7  2.0526E+16
P:     2    5  102.942   26.823   71.3  9.5406E+15
L:     2    25.25  6.4536E+15
L:     2    25.75  4.2714E+16
L:     2    26.25  3.0067E+16
P:     3    1  102.942   26.823   48.4  7.5398E+15
P:     3    2  102.740   27.026   54.0  1.4613E+16
P:     3    3  102.596   27.246   60.8  1.4030E+16
P:     3    4  102.462   27.466   61.2  1.1815E+16
P:     3    5  102.365   27.619   62.0  1.0116E+16
P:     3    6  102.269   27.788   75.0  1.2835E+16
P:     3    7  102.231   28.059   88.1  1.3714E+16
P:     3    8  102.250   28.279   92.3  1.1791E+16
P:     3    9  102.250   28.483   88.6  1.2256E+16
P:     3   10  102.238   28.720   92.3  1.0424E+16
P:     3   11  102.267   28.856  104.3  8.7641E+15
P:     3   12  102.327   29.025   96.3  9.2129E+15
P:     3   13  102.308   29.178   83.8  4.2749E+15
L:     3    26.25  7.5398E+15
L:     3    26.75  4.0458E+16
L:     3    27.25  2.2951E+16
L:     3    27.75  3.7761E+16
L:     3    28.25  1.9188E+16
L:     3    28.75  1.3488E+16
P:     4    1  102.942   26.823   81.9  6.6544E+15
P:     4    2  102.904   27.060   88.3  1.5610E+16
P:     4    3  102.923   27.382   91.5  1.7432E+16
P:     4    4  102.923   27.687   90.0  1.5547E+16
P:     4    5  102.923   27.942   80.5  1.4528E+16
P:     4    6  102.827   28.196   67.2  1.3341E+16
P:     4    7  102.712   28.382   72.8  1.4472E+16
P:     4    8  102.654   28.687   79.5  1.2938E+16
P:     4    9  102.615   28.839   62.4  1.0368E+16
P:     4   10  102.462   29.009   51.7  1.2020E+16
P:     4   11  102.308   29.178   51.5  6.0090E+15
L:     4    26.25  6.6544E+15
L:     4    26.75  3.3042E+16
L:     4    27.25  3.0075E+16
L:     4    27.75  2.7813E+16
L:     4    28.25  2.3306E+16
L:     4    28.75  1.8029E+16
P:     5    1  102.308   29.178  287.2  1.2636E+16
P:     5    2  102.212   28.906  292.2  3.5952E+16
P:     5    3  101.962   28.431  295.7  4.3594E+16
P:     5    4  101.731   28.024  305.4  3.8429E+16
P:     5    5  101.404   27.735  319.7  4.1974E+16
P:     5    6  100.923   27.412  318.9  4.3679E+16
P:     5    7  100.577   27.090  317.9  3.6126E+16
P:     5    8  100.250   26.869  324.1  2.8307E+16
P:     5    9  100.000   26.716  325.6  1.2043E+16
L:     5    26.25  4.0350E+16
L:     5    26.75  7.9805E+16
L:     5    27.25  4.1974E+16
L:     5    27.75  8.2024E+16
L:     5    28.25  3.5952E+16
L:     5    28.75  1.2636E+16
P:     6    1  102.077   29.940  192.7  2.7542E+16
P:     6    2  102.708   29.815  192.7  3.7037E+16
P:     6    3  102.927   29.771  195.5  2.2023E+16
P:     6    4  103.215   29.692  204.0  1.4990E+16
P:     6    5  103.281   29.623  260.4  1.3808E+16
P:     6    6  103.285   29.388  266.5  2.1956E+16
P:     6    7  103.312   29.180  256.5  1.9959E+16
P:     6    8  103.388   29.012  242.9  1.7996E+16
P:     6    9  103.500   28.859  250.1  1.4253E+16
P:     6   10  103.504   28.726  276.3  1.6305E+16
P:     6   11  103.458   28.507  281.3  2.1133E+16
P:     6   12  103.408   28.302  277.4  1.6020E+16
P:     6   13  103.412   28.203  256.6  1.2626E+16
P:     6   14  103.473   28.067  261.1  1.4811E+16
P:     6   15  103.465   27.903  267.7  1.4099E+16
P:     6   16  103.485   27.760  290.4  1.1681E+16
P:     6   17  103.369   27.678  320.8  1.3544E+16
P:     6   18  103.231   27.572  315.0  1.6887E+16
P:     6   19  103.104   27.443  305.3  1.7414E+16
P:     6   20  103.015   27.303  283.3  3.2614E+16
P:     6   21  102.942   26.823  277.8  2.4016E+16
L:     6    26.25  2.4016E+16
L:     6    26.75  5.0028E+16
L:     6    27.25  5.6210E+16
L:     6    27.75  4.3458E+16
L:     6    28.25  6.5227E+16
L:     6    28.75  4.6375E+16
L:     6    29.25  1.1540E+17
P:    91    1  102.077   29.940  180.0  0.0000E+00
P:    91    2  105.000   29.929    0.0  0.0000E+00
P:    91    3  105.000   25.962    0.0  0.0000E+00
P:    91    4  103.250   25.976  180.0  0.0000E+00
P:    92    1  103.250   25.976  180.0  0.0000E+00
P:    92    2  100.000   25.953  180.0  0.0000E+00
P:    92    3  100.000   26.716    0.0  0.0000E+00
P:    93    1  100.000   26.716    0.0  0.0000E+00
P:    93    2  100.000   29.919  180.0  0.0000E+00
P:    93    3  102.077   29.940  180.0  0.0000E+00
