 No.  Type   Parameter     Error        Type 
   1    2    0.00000E+00   0.00000E+00  Block pole     
   2    2    0.00000E+00   0.00000E+00  Block pole     
   3    2    0.00000E+00   0.00000E+00  Block pole     
   4    2    0.00000E+00   0.00000E+00  Block pole     
   5    2    0.00000E+00   0.00000E+00  Block pole     
   6    2    0.00000E+00   0.00000E+00  Block pole     
   7    2    0.00000E+00   0.00000E+00  Block pole     
   8    2    0.00000E+00   0.00000E+00  Block pole     
   9    2    0.00000E+00   0.00000E+00  Block pole     
  10    2    0.00000E+00   0.00000E+00  Block pole     
  11    2    0.00000E+00   0.00000E+00  Block pole     
  12    2    0.00000E+00   0.00000E+00  Block pole     
  13    2    0.00000E+00   0.00000E+00  Block pole     
  14    2    0.00000E+00   0.00000E+00  Block pole     
  15    2    0.00000E+00   0.00000E+00  Block pole     
  16    4    1.00000E+00   0.00000E+00  Coupling ratio 
  17    4    1.00000E+00   0.00000E+00  Coupling ratio 
  18    4    1.00000E+00   0.00000E+00  Coupling ratio 
  19    4    1.00000E+00   0.00000E+00  Coupling ratio 
  20    4    1.00000E+00   0.00000E+00  Coupling ratio 
  21    4    1.00000E+00   0.00000E+00  Coupling ratio 
  22    4    1.00000E+00   0.00000E+00  Coupling ratio 
  23    4    1.00000E+00   0.00000E+00  Coupling ratio 
  24    4    1.00000E+00   0.00000E+00  Coupling ratio 
  25    4    1.00000E+00   0.00000E+00  Coupling ratio 
  26    4    1.00000E+00   0.00000E+00  Coupling ratio 
  27    4    1.00000E+00   0.00000E+00  Coupling ratio 
  28    4    1.00000E+00   0.00000E+00  Coupling ratio 
  29    4    1.00000E+00   0.00000E+00  Coupling ratio 
  30    4    1.00000E+00   0.00000E+00  Coupling ratio 
  31    4    1.00000E+00   0.00000E+00  Coupling ratio 
  32    4    1.00000E+00   0.00000E+00  Coupling ratio 
  33    4    1.00000E+00   0.00000E+00  Coupling ratio 
  34    4    1.00000E+00   0.00000E+00  Coupling ratio 
  35    4    1.00000E+00   0.00000E+00  Coupling ratio 
  36    4    1.00000E+00   0.00000E+00  Coupling ratio 
  37    4    1.00000E+00   0.00000E+00  Coupling ratio 
  38    4    1.00000E+00   0.00000E+00  Coupling ratio 
  39    4    1.00000E+00   0.00000E+00  Coupling ratio 
  40    4    1.00000E+00   0.00000E+00  Coupling ratio 
  41    4    1.00000E+00   0.00000E+00  Coupling ratio 
  42    4    1.00000E+00   0.00000E+00  Coupling ratio 
  43    4    1.00000E+00   0.00000E+00  Coupling ratio 
  44    4    1.00000E+00   0.00000E+00  Coupling ratio 
  45    4    1.00000E+00   0.00000E+00  Coupling ratio 
  46    4    1.00000E+00   0.00000E+00  Coupling ratio 
  47    4    1.00000E+00   0.00000E+00  Coupling ratio 
  48    4    1.00000E+00   0.00000E+00  Coupling ratio 
  49    4    1.00000E+00   0.00000E+00  Coupling ratio 
  50    4    1.00000E+00   0.00000E+00  Coupling ratio 
  51    4    1.00000E+00   0.00000E+00  Coupling ratio 
  52    4    1.00000E+00   0.00000E+00  Coupling ratio 
  53    4    1.00000E+00   0.00000E+00  Coupling ratio 
  54    4    1.00000E+00   0.00000E+00  Coupling ratio 
  55    4    1.00000E+00   0.00000E+00  Coupling ratio 
  56    4    1.00000E+00   0.00000E+00  Coupling ratio 
  57    4    1.00000E+00   0.00000E+00  Coupling ratio 
  58    4    1.00000E+00   0.00000E+00  Coupling ratio 
  59    4    1.00000E+00   0.00000E+00  Coupling ratio 
  60    4    1.00000E+00   0.00000E+00  Coupling ratio 
  61    4    1.00000E+00   0.00000E+00  Coupling ratio 
  62    4    1.00000E+00   0.00000E+00  Coupling ratio 
  63    4    1.00000E+00   0.00000E+00  Coupling ratio 
  64    4    1.00000E+00   0.00000E+00  Coupling ratio 
  65    4    1.00000E+00   0.00000E+00  Coupling ratio 
  66    4    1.00000E+00   0.00000E+00  Coupling ratio 
  67    4    1.00000E+00   0.00000E+00  Coupling ratio 
  68    4    1.00000E+00   0.00000E+00  Coupling ratio 
  69    4    1.00000E+00   0.00000E+00  Coupling ratio 
  70    4    1.00000E+00   0.00000E+00  Coupling ratio 
  71    4    1.00000E+00   0.00000E+00  Coupling ratio 
  72    4    1.00000E+00   0.00000E+00  Coupling ratio 
  73    4    1.00000E+00   0.00000E+00  Coupling ratio 
  74    4    1.00000E+00   0.00000E+00  Coupling ratio 
  75    4    1.00000E+00   0.00000E+00  Coupling ratio 
  76    4    1.00000E+00   0.00000E+00  Coupling ratio 
  77    4    1.00000E+00   0.00000E+00  Coupling ratio 
  78    4    1.00000E+00   0.00000E+00  Coupling ratio 
  79    4    1.00000E+00   0.00000E+00  Coupling ratio 
  80    4    1.00000E+00   0.00000E+00  Coupling ratio 
  81    4    1.00000E+00   0.00000E+00  Coupling ratio 
  82    4    1.00000E+00   0.00000E+00  Coupling ratio 
  83    4    1.00000E+00   0.00000E+00  Coupling ratio 
  84    4    1.00000E+00   0.00000E+00  Coupling ratio 
  85    4    1.00000E+00   0.00000E+00  Coupling ratio 
  86    4    1.00000E+00   0.00000E+00  Coupling ratio 
  87    4    1.00000E+00   0.00000E+00  Coupling ratio 
  88    4    1.00000E+00   0.00000E+00  Coupling ratio 
  89    4    1.00000E+00   0.00000E+00  Coupling ratio 
  90    4    1.00000E+00   0.00000E+00  Coupling ratio 
  91    4    1.00000E+00   0.00000E+00  Coupling ratio 
  92    4    1.00000E+00   0.00000E+00  Coupling ratio 
  93    4    1.00000E+00   0.00000E+00  Coupling ratio 
  94    4    1.00000E+00   0.00000E+00  Coupling ratio 
  95    4    1.00000E+00   0.00000E+00  Coupling ratio 
  96    4    1.00000E+00   0.00000E+00  Coupling ratio 
  97    4    1.00000E+00   0.00000E+00  Coupling ratio 
  98    4    1.00000E+00   0.00000E+00  Coupling ratio 
  99    4    1.00000E+00   0.00000E+00  Coupling ratio 
 100    4    1.00000E+00   0.00000E+00  Coupling ratio 
 101    4    1.00000E+00   0.00000E+00  Coupling ratio 
 102    4    1.00000E+00   0.00000E+00  Coupling ratio 
 103    4    1.00000E+00   0.00000E+00  Coupling ratio 
 104    4    1.00000E+00   0.00000E+00  Coupling ratio 
 105    4    1.00000E+00   0.00000E+00  Coupling ratio 
 106    4    1.00000E+00   0.00000E+00  Coupling ratio 
 107    4    1.00000E+00   0.00000E+00  Coupling ratio 
 108    4    1.00000E+00   0.00000E+00  Coupling ratio 
 109    4    1.00000E+00   0.00000E+00  Coupling ratio 
 110    4    1.00000E+00   0.00000E+00  Coupling ratio 
 111    4    1.00000E+00   0.00000E+00  Coupling ratio 
 112    4    1.00000E+00   0.00000E+00  Coupling ratio 
 113    4    1.00000E+00   0.00000E+00  Coupling ratio 
 114    4    1.00000E+00   0.00000E+00  Coupling ratio 
 115    4    1.00000E+00   0.00000E+00  Coupling ratio 
 116    4    1.00000E+00   0.00000E+00  Coupling ratio 
 117    4    1.00000E+00   0.00000E+00  Coupling ratio 
 118    4    1.00000E+00   0.00000E+00  Coupling ratio 
 119    4    1.00000E+00   0.00000E+00  Coupling ratio 
 120    4    1.00000E+00   0.00000E+00  Coupling ratio 
 121    4    1.00000E+00   0.00000E+00  Coupling ratio 
 122    4    1.00000E+00   0.00000E+00  Coupling ratio 
 123    4    1.00000E+00   0.00000E+00  Coupling ratio 
 124    4    1.00000E+00   0.00000E+00  Coupling ratio 
 125    4    1.00000E+00   0.00000E+00  Coupling ratio 
 126    4    1.00000E+00   0.00000E+00  Coupling ratio 
 127    4    1.00000E+00   0.00000E+00  Coupling ratio 
 128    4    1.00000E+00   0.00000E+00  Coupling ratio 
 129    4    1.00000E+00   0.00000E+00  Coupling ratio 
 130    4    1.00000E+00   0.00000E+00  Coupling ratio 
 131    4    1.00000E+00   0.00000E+00  Coupling ratio 
 132    4    1.00000E+00   0.00000E+00  Coupling ratio 
 133    4    1.00000E+00   0.00000E+00  Coupling ratio 
 134    4    1.00000E+00   0.00000E+00  Coupling ratio 
 135    4    1.00000E+00   0.00000E+00  Coupling ratio 
 136    4    1.00000E+00   0.00000E+00  Coupling ratio 
 137    4    1.00000E+00   0.00000E+00  Coupling ratio 
 138    4    1.00000E+00   0.00000E+00  Coupling ratio 
 139    4    1.00000E+00   0.00000E+00  Coupling ratio 
 140    4    1.00000E+00   0.00000E+00  Coupling ratio 
 141    4    1.00000E+00   0.00000E+00  Coupling ratio 
 142    4    1.00000E+00   0.00000E+00  Coupling ratio 
 143    4    1.00000E+00   0.00000E+00  Coupling ratio 
 144    4    1.00000E+00   0.00000E+00  Coupling ratio 
 145    4    1.00000E+00   0.00000E+00  Coupling ratio 
 146    4    1.00000E+00   0.00000E+00  Coupling ratio 
 147    4    1.00000E+00   0.00000E+00  Coupling ratio 
 148    4    1.00000E+00   0.00000E+00  Coupling ratio 
 149    4    1.00000E+00   0.00000E+00  Coupling ratio 
 150    4    1.00000E+00   0.00000E+00  Coupling ratio 
 151    4    1.00000E+00   0.00000E+00  Coupling ratio 
 152    4    1.00000E+00   0.00000E+00  Coupling ratio 
 153    4    1.00000E+00   0.00000E+00  Coupling ratio 
 154    4    1.00000E+00   0.00000E+00  Coupling ratio 
 155    4    1.00000E+00   0.00000E+00  Coupling ratio 
 156    4    1.00000E+00   0.00000E+00  Coupling ratio 
 157    4    1.00000E+00   0.00000E+00  Coupling ratio 
 158    4    1.00000E+00   0.00000E+00  Coupling ratio 
 159    4    1.00000E+00   0.00000E+00  Coupling ratio 
 160    4    1.00000E+00   0.00000E+00  Coupling ratio 
 161    4    1.00000E+00   0.00000E+00  Coupling ratio 
 162    4    1.00000E+00   0.00000E+00  Coupling ratio 
 163    4    1.00000E+00   0.00000E+00  Coupling ratio 
 164    4    1.00000E+00   0.00000E+00  Coupling ratio 
 165    4    1.00000E+00   0.00000E+00  Coupling ratio 
 166    4    1.00000E+00   0.00000E+00  Coupling ratio 
 167    4    1.00000E+00   0.00000E+00  Coupling ratio 
 168    4    1.00000E+00   0.00000E+00  Coupling ratio 
 169    4    1.00000E+00   0.00000E+00  Coupling ratio 
 170    4    1.00000E+00   0.00000E+00  Coupling ratio 
 171    4    1.00000E+00   0.00000E+00  Coupling ratio 
 172    4    1.00000E+00   0.00000E+00  Coupling ratio 
 173    4    1.00000E+00   0.00000E+00  Coupling ratio 
 174    4    1.00000E+00   0.00000E+00  Coupling ratio 
 175    4    1.00000E+00   0.00000E+00  Coupling ratio 
 176    4    1.00000E+00   0.00000E+00  Coupling ratio 
 177    4    1.00000E+00   0.00000E+00  Coupling ratio 
 178    4    1.00000E+00   0.00000E+00  Coupling ratio 
 179    4    1.00000E+00   0.00000E+00  Coupling ratio 
 180    4    1.00000E+00   0.00000E+00  Coupling ratio 
 181    4    1.00000E+00   0.00000E+00  Coupling ratio 
 182    4    1.00000E+00   0.00000E+00  Coupling ratio 
 183    4    1.00000E+00   0.00000E+00  Coupling ratio 
 184    4    1.00000E+00   0.00000E+00  Coupling ratio 
 185    4    1.00000E+00   0.00000E+00  Coupling ratio 
 186    4    1.00000E+00   0.00000E+00  Coupling ratio 
 187    4    1.00000E+00   0.00000E+00  Coupling ratio 
 188    4    1.00000E+00   0.00000E+00  Coupling ratio 
 189    4    1.00000E+00   0.00000E+00  Coupling ratio 
 190    4    1.00000E+00   0.00000E+00  Coupling ratio 
 191    4    1.00000E+00   0.00000E+00  Coupling ratio 
 192    4    1.00000E+00   0.00000E+00  Coupling ratio 
 193    4    1.00000E+00   0.00000E+00  Coupling ratio 
 194    4    1.00000E+00   0.00000E+00  Coupling ratio 
 195    4    1.00000E+00   0.00000E+00  Coupling ratio 
 196    4    1.00000E+00   0.00000E+00  Coupling ratio 
 197    4    1.00000E+00   0.00000E+00  Coupling ratio 
 198    4    1.00000E+00   0.00000E+00  Coupling ratio 
 199    4    1.00000E+00   0.00000E+00  Coupling ratio 
 200    4    1.00000E+00   0.00000E+00  Coupling ratio 
 201    4    1.00000E+00   0.00000E+00  Coupling ratio 
 202    4    1.00000E+00   0.00000E+00  Coupling ratio 
 203    4    1.00000E+00   0.00000E+00  Coupling ratio 
 204    4    1.00000E+00   0.00000E+00  Coupling ratio 
