Number of duplicated sites:  10
  Duplicate site:  0
    JUNL_GPS:  104.515730  28.179170
    SCJU_GPS:  104.515730  28.179170
  Duplicate site:  1
    MABI_GPS:  103.533550  28.840420
    SCMB_GPS:  103.533560  28.840420
  Duplicate site:  2
    SCXD_GPS:  102.437050  28.300370
    H091_GPS:  102.437070  28.300380
  Duplicate site:  3
    NP08_GPS:  101.139000  30.991000
    Y269_GPS:  101.139000  30.991000
  Duplicate site:  4
    NP08_GPS:  101.139000  30.991000
    Y269_GPS:  101.139000  30.991000
  Duplicate site:  5
    SCXD_GPS:  102.437050  28.300370
    H091_GPS:  102.437070  28.300380
  Duplicate site:  6
    H185_GPS:  100.277900  29.993080
    JB40_GPS:  100.277900  29.993080
  Duplicate site:  7
    H185_GPS:  100.277900  29.993080
    JB40_GPS:  100.277900  29.993080
  Duplicate site:  8
    JUNL_GPS:  104.515730  28.179170
    SCJU_GPS:  104.515730  28.179170
  Duplicate site:  9
    MABI_GPS:  103.533550  28.840420
    SCMB_GPS:  103.533560  28.840420

Number of unique sites:  325
